<?xml version="1.0" encoding="UTF-8"?>
<!-- Generated by org.testng.reporters.JUnitReportReporter -->
<testsuite hostname="DESKTOP-LFPD9NH" failures="0" tests="1" name="steam.test.DownloadSteamTest" time="98.261" errors="0" timestamp="2022-06-12T11:06:43 MSK" skipped="0">
  <testcase classname="steam.test.DownloadSteamTest" name="Test" time="98.261"/>
  <system-out>
    <![CDATA[--------------------------------------------------------------------------------------<br>
=====================  Test case: 'steam.test.DownloadSteamTest' =====================<br>
--------------------------------------------------------------------------------------<br>
--------==[ Preconditions ]==--------<br>
Page 'Home Page' appears in 157msec<br>
Button 'switch language' -- Clicking<br>
Label 'store navigation' -- Clicking<br>
Label 'store navigation genre popup menu' -- Clicking<br>
Page 'Category page' appears in 27msec<br>
Label 'max discount' -- Clicking<br>
Page 'Game Page' appears in 38msec<br>
Button 'install steam' -- Clicking<br>
Page 'Install Page' appears in 56msec<br>
Button 'download steam' -- Clicking<br>
<br>
*************************************************************<br>
***** Test case: 'steam.test.DownloadSteamTest' Passed! *****<br>
*************************************************************<br>
<br>]]>
  </system-out>
</testsuite> <!-- steam.test.DownloadSteamTest -->
