<?xml version="1.0" encoding="UTF-8"?>
<!-- Generated by org.testng.reporters.JUnitReportReporter -->
<testsuite hostname="DESKTOP-LFPD9NH" failures="0" tests="1" name="steam.test.DownloadSteamTest" time="27.117" errors="0" timestamp="2022-06-12T22:30:11 MSK" skipped="0">
  <testcase classname="steam.test.DownloadSteamTest" name="Test" time="27.117"/>
  <system-out>
    <![CDATA[--------------------------------------------------------------------------------------<br>
=====================  Test case: 'steam.test.DownloadSteamTest' =====================<br>
--------------------------------------------------------------------------------------<br>
--------==[ Preconditions ]==--------<br>
--------==[ Step 1 ]==--------<br>
Page 'Home Page' appears in 120msec<br>
Button 'switch language' -- Clicking<br>
Label 'store navigation' -- Clicking<br>
Label 'store navigation genre popup menu' -- Clicking<br>
--------==[ Step 2 ]==--------<br>
Page 'Category page' appears in 75msec<br>
Label 'max discount' -- Clicking<br>
--------==[ Step 3 ]==--------<br>
Page 'Game Page' appears in 94msec<br>
Button 'install steam' -- Clicking<br>
--------==[ Step 4 ]==--------<br>
Page 'Install Page' appears in 19msec<br>
Button 'download steam' -- Clicking<br>
<br>
*************************************************************<br>
***** Test case: 'steam.test.DownloadSteamTest' Passed! *****<br>
*************************************************************<br>
<br>]]>
  </system-out>
</testsuite> <!-- steam.test.DownloadSteamTest -->
