<?xml version="1.0" encoding="UTF-8"?>
<!-- Generated by org.testng.reporters.JUnitReportReporter -->
<testsuite hostname="DESKTOP-LFPD9NH" failures="0" tests="1" name="steam.test.DownloadSteamTest" time="103.569" errors="0" timestamp="2022-03-24T21:52:00 MSK" skipped="0">
  <testcase classname="steam.test.DownloadSteamTest" name="Test" time="103.569"/>
  <system-out/>
</testsuite> <!-- steam.test.DownloadSteamTest -->
