<?xml version="1.0" encoding="UTF-8"?>
<!-- Generated by org.testng.reporters.JUnitReportReporter -->
<testsuite hostname="DESKTOP-LFPD9NH" failures="0" tests="1" name="steam.test.DownloadSteamTest" time="24.378" errors="0" timestamp="2022-06-07T19:31:42 MSK" skipped="0">
  <testcase classname="steam.test.DownloadSteamTest" name="Test" time="24.378"/>
  <system-out>
    <![CDATA[-------------------------------------------------------------------------------------------------<br>
=====================  loc.logger.test.case: 'steam.test.DownloadSteamTest' =====================<br>
-------------------------------------------------------------------------------------------------<br>
--------==[ loc.logger.test.preconditions ]==--------<br>
--------==[ loc.logger.step1 ]==--------<br>
--------==[Open Steam main page]==--------<br>
--------==[ loc.logger.step2 ]==--------<br>
--------==[Navigate to categories]==--------<br>
--------==[ loc.logger.step3 ]==--------<br>
--------==[Navigate to action category]==--------<br>
--------==[ loc.logger.step4 ]==--------<br>
--------==[Navigate to install steam]==--------<br>
--------==[ loc.logger.step5 ]==--------<br>
--------==[Download Steam]==--------<br>
<br>
****************************************************************************************<br>
***** loc.logger.test.case: 'steam.test.DownloadSteamTest' loc.logger.test.passed! *****<br>
****************************************************************************************<br>
<br>]]>
  </system-out>
</testsuite> <!-- steam.test.DownloadSteamTest -->
