<?xml version="1.0" encoding="UTF-8"?>
<!-- Generated by org.testng.reporters.JUnitReportReporter -->
<testsuite hostname="DESKTOP-LFPD9NH" failures="0" tests="1" name="steam.test.DownloadSteamTest" time="10.851" errors="0" timestamp="2022-05-17T13:30:30 MSK" skipped="0">
  <testcase classname="steam.test.DownloadSteamTest" name="Test" time="10.851"/>
  <system-out/>
</testsuite> <!-- steam.test.DownloadSteamTest -->
